<?xml version="1.0" encoding="UTF-8"?>
<testsuite xmlns:xsi="http://www.w3.org/2001/XMLSchema-instance" xsi:noNamespaceSchemaLocation="https://maven.apache.org/surefire/maven-surefire-plugin/xsd/surefire-test-report.xsd" name="com.ck.pay.PayckApplicationTests" time="6.168" tests="1" errors="0" skipped="0" failures="0">
  <properties>
    <property name="sun.desktop" value="windows"/>
    <property name="awt.toolkit" value="sun.awt.windows.WToolkit"/>
    <property name="file.encoding.pkg" value="sun.io"/>
    <property name="java.specification.version" value="1.8"/>
    <property name="sun.cpu.isalist" value="amd64"/>
    <property name="sun.jnu.encoding" value="GBK"/>
    <property name="java.class.path" value="C:\svn\PayCK-master\target\test-classes;C:\svn\PayCK-master\target\classes;C:\Users\96593\lwx\lwx-tool-resource\suyilian-maven-repository\org\springframework\boot\spring-boot-starter-web\2.1.8.RELEASE\spring-boot-starter-web-2.1.8.RELEASE.jar;C:\Users\96593\lwx\lwx-tool-resource\suyilian-maven-repository\org\springframework\boot\spring-boot-starter\2.1.8.RELEASE\spring-boot-starter-2.1.8.RELEASE.jar;C:\Users\96593\lwx\lwx-tool-resource\suyilian-maven-repository\org\springframework\boot\spring-boot\2.1.8.RELEASE\spring-boot-2.1.8.RELEASE.jar;C:\Users\96593\lwx\lwx-tool-resource\suyilian-maven-repository\org\springframework\boot\spring-boot-autoconfigure\2.1.8.RELEASE\spring-boot-autoconfigure-2.1.8.RELEASE.jar;C:\Users\96593\lwx\lwx-tool-resource\suyilian-maven-repository\org\springframework\boot\spring-boot-starter-logging\2.1.8.RELEASE\spring-boot-starter-logging-2.1.8.RELEASE.jar;C:\Users\96593\lwx\lwx-tool-resource\suyilian-maven-repository\org\apache\logging\log4j\log4j-to-slf4j\2.11.2\log4j-to-slf4j-2.11.2.jar;C:\Users\96593\lwx\lwx-tool-resource\suyilian-maven-repository\org\apache\logging\log4j\log4j-api\2.11.2\log4j-api-2.11.2.jar;C:\Users\96593\lwx\lwx-tool-resource\suyilian-maven-repository\org\slf4j\jul-to-slf4j\1.7.28\jul-to-slf4j-1.7.28.jar;C:\Users\96593\lwx\lwx-tool-resource\suyilian-maven-repository\javax\annotation\javax.annotation-api\1.3.2\javax.annotation-api-1.3.2.jar;C:\Users\96593\lwx\lwx-tool-resource\suyilian-maven-repository\org\yaml\snakeyaml\1.23\snakeyaml-1.23.jar;C:\Users\96593\lwx\lwx-tool-resource\suyilian-maven-repository\org\springframework\boot\spring-boot-starter-json\2.1.8.RELEASE\spring-boot-starter-json-2.1.8.RELEASE.jar;C:\Users\96593\lwx\lwx-tool-resource\suyilian-maven-repository\com\fasterxml\jackson\core\jackson-databind\2.9.9.3\jackson-databind-2.9.9.3.jar;C:\Users\96593\lwx\lwx-tool-resource\suyilian-maven-repository\com\fasterxml\jackson\core\jackson-annotations\2.9.0\jackson-annotations-2.9.0.jar;C:\Users\96593\lwx\lwx-tool-resource\suyilian-maven-repository\com\fasterxml\jackson\core\jackson-core\2.9.9\jackson-core-2.9.9.jar;C:\Users\96593\lwx\lwx-tool-resource\suyilian-maven-repository\com\fasterxml\jackson\datatype\jackson-datatype-jdk8\2.9.9\jackson-datatype-jdk8-2.9.9.jar;C:\Users\96593\lwx\lwx-tool-resource\suyilian-maven-repository\com\fasterxml\jackson\datatype\jackson-datatype-jsr310\2.9.9\jackson-datatype-jsr310-2.9.9.jar;C:\Users\96593\lwx\lwx-tool-resource\suyilian-maven-repository\com\fasterxml\jackson\module\jackson-module-parameter-names\2.9.9\jackson-module-parameter-names-2.9.9.jar;C:\Users\96593\lwx\lwx-tool-resource\suyilian-maven-repository\org\springframework\boot\spring-boot-starter-tomcat\2.1.8.RELEASE\spring-boot-starter-tomcat-2.1.8.RELEASE.jar;C:\Users\96593\lwx\lwx-tool-resource\suyilian-maven-repository\org\apache\tomcat\embed\tomcat-embed-core\9.0.24\tomcat-embed-core-9.0.24.jar;C:\Users\96593\lwx\lwx-tool-resource\suyilian-maven-repository\org\apache\tomcat\embed\tomcat-embed-el\9.0.24\tomcat-embed-el-9.0.24.jar;C:\Users\96593\lwx\lwx-tool-resource\suyilian-maven-repository\org\apache\tomcat\embed\tomcat-embed-websocket\9.0.24\tomcat-embed-websocket-9.0.24.jar;C:\Users\96593\lwx\lwx-tool-resource\suyilian-maven-repository\org\hibernate\validator\hibernate-validator\6.0.17.Final\hibernate-validator-6.0.17.Final.jar;C:\Users\96593\lwx\lwx-tool-resource\suyilian-maven-repository\javax\validation\validation-api\2.0.1.Final\validation-api-2.0.1.Final.jar;C:\Users\96593\lwx\lwx-tool-resource\suyilian-maven-repository\org\jboss\logging\jboss-logging\3.3.3.Final\jboss-logging-3.3.3.Final.jar;C:\Users\96593\lwx\lwx-tool-resource\suyilian-maven-repository\com\fasterxml\classmate\1.4.0\classmate-1.4.0.jar;C:\Users\96593\lwx\lwx-tool-resource\suyilian-maven-repository\org\springframework\spring-web\5.1.9.RELEASE\spring-web-5.1.9.RELEASE.jar;C:\Users\96593\lwx\lwx-tool-resource\suyilian-maven-repository\org\springframework\spring-beans\5.1.9.RELEASE\spring-beans-5.1.9.RELEASE.jar;C:\Users\96593\lwx\lwx-tool-resource\suyilian-maven-repository\org\springframework\spring-webmvc\5.1.9.RELEASE\spring-webmvc-5.1.9.RELEASE.jar;C:\Users\96593\lwx\lwx-tool-resource\suyilian-maven-repository\org\springframework\spring-aop\5.1.9.RELEASE\spring-aop-5.1.9.RELEASE.jar;C:\Users\96593\lwx\lwx-tool-resource\suyilian-maven-repository\org\springframework\spring-context\5.1.9.RELEASE\spring-context-5.1.9.RELEASE.jar;C:\Users\96593\lwx\lwx-tool-resource\suyilian-maven-repository\org\springframework\spring-expression\5.1.9.RELEASE\spring-expression-5.1.9.RELEASE.jar;C:\Users\96593\lwx\lwx-tool-resource\suyilian-maven-repository\org\springframework\boot\spring-boot-starter-test\2.1.8.RELEASE\spring-boot-starter-test-2.1.8.RELEASE.jar;C:\Users\96593\lwx\lwx-tool-resource\suyilian-maven-repository\org\springframework\boot\spring-boot-test\2.1.8.RELEASE\spring-boot-test-2.1.8.RELEASE.jar;C:\Users\96593\lwx\lwx-tool-resource\suyilian-maven-repository\org\springframework\boot\spring-boot-test-autoconfigure\2.1.8.RELEASE\spring-boot-test-autoconfigure-2.1.8.RELEASE.jar;C:\Users\96593\lwx\lwx-tool-resource\suyilian-maven-repository\com\jayway\jsonpath\json-path\2.4.0\json-path-2.4.0.jar;C:\Users\96593\lwx\lwx-tool-resource\suyilian-maven-repository\net\minidev\json-smart\2.3\json-smart-2.3.jar;C:\Users\96593\lwx\lwx-tool-resource\suyilian-maven-repository\net\minidev\accessors-smart\1.2\accessors-smart-1.2.jar;C:\Users\96593\lwx\lwx-tool-resource\suyilian-maven-repository\org\ow2\asm\asm\5.0.4\asm-5.0.4.jar;C:\Users\96593\lwx\lwx-tool-resource\suyilian-maven-repository\junit\junit\4.12\junit-4.12.jar;C:\Users\96593\lwx\lwx-tool-resource\suyilian-maven-repository\org\assertj\assertj-core\3.11.1\assertj-core-3.11.1.jar;C:\Users\96593\lwx\lwx-tool-resource\suyilian-maven-repository\org\mockito\mockito-core\2.23.4\mockito-core-2.23.4.jar;C:\Users\96593\lwx\lwx-tool-resource\suyilian-maven-repository\net\bytebuddy\byte-buddy\1.9.16\byte-buddy-1.9.16.jar;C:\Users\96593\lwx\lwx-tool-resource\suyilian-maven-repository\net\bytebuddy\byte-buddy-agent\1.9.16\byte-buddy-agent-1.9.16.jar;C:\Users\96593\lwx\lwx-tool-resource\suyilian-maven-repository\org\objenesis\objenesis\2.6\objenesis-2.6.jar;C:\Users\96593\lwx\lwx-tool-resource\suyilian-maven-repository\org\hamcrest\hamcrest-core\1.3\hamcrest-core-1.3.jar;C:\Users\96593\lwx\lwx-tool-resource\suyilian-maven-repository\org\hamcrest\hamcrest-library\1.3\hamcrest-library-1.3.jar;C:\Users\96593\lwx\lwx-tool-resource\suyilian-maven-repository\org\skyscreamer\jsonassert\1.5.0\jsonassert-1.5.0.jar;C:\Users\96593\lwx\lwx-tool-resource\suyilian-maven-repository\com\vaadin\external\google\android-json\0.0.20131108.vaadin1\android-json-0.0.20131108.vaadin1.jar;C:\Users\96593\lwx\lwx-tool-resource\suyilian-maven-repository\org\springframework\spring-core\5.1.9.RELEASE\spring-core-5.1.9.RELEASE.jar;C:\Users\96593\lwx\lwx-tool-resource\suyilian-maven-repository\org\springframework\spring-jcl\5.1.9.RELEASE\spring-jcl-5.1.9.RELEASE.jar;C:\Users\96593\lwx\lwx-tool-resource\suyilian-maven-repository\org\springframework\spring-test\5.1.9.RELEASE\spring-test-5.1.9.RELEASE.jar;C:\Users\96593\lwx\lwx-tool-resource\suyilian-maven-repository\org\xmlunit\xmlunit-core\2.6.3\xmlunit-core-2.6.3.jar;C:\Users\96593\lwx\lwx-tool-resource\suyilian-maven-repository\mysql\mysql-connector-java\8.0.17\mysql-connector-java-8.0.17.jar;C:\Users\96593\lwx\lwx-tool-resource\suyilian-maven-repository\org\springframework\boot\spring-boot-starter-data-jpa\2.1.8.RELEASE\spring-boot-starter-data-jpa-2.1.8.RELEASE.jar;C:\Users\96593\lwx\lwx-tool-resource\suyilian-maven-repository\org\springframework\boot\spring-boot-starter-aop\2.1.8.RELEASE\spring-boot-starter-aop-2.1.8.RELEASE.jar;C:\Users\96593\lwx\lwx-tool-resource\suyilian-maven-repository\org\aspectj\aspectjweaver\1.9.4\aspectjweaver-1.9.4.jar;C:\Users\96593\lwx\lwx-tool-resource\suyilian-maven-repository\org\springframework\boot\spring-boot-starter-jdbc\2.1.8.RELEASE\spring-boot-starter-jdbc-2.1.8.RELEASE.jar;C:\Users\96593\lwx\lwx-tool-resource\suyilian-maven-repository\com\zaxxer\HikariCP\3.2.0\HikariCP-3.2.0.jar;C:\Users\96593\lwx\lwx-tool-resource\suyilian-maven-repository\org\springframework\spring-jdbc\5.1.9.RELEASE\spring-jdbc-5.1.9.RELEASE.jar;C:\Users\96593\lwx\lwx-tool-resource\suyilian-maven-repository\javax\transaction\javax.transaction-api\1.3\javax.transaction-api-1.3.jar;C:\Users\96593\lwx\lwx-tool-resource\suyilian-maven-repository\javax\xml\bind\jaxb-api\2.3.1\jaxb-api-2.3.1.jar;C:\Users\96593\lwx\lwx-tool-resource\suyilian-maven-repository\javax\activation\javax.activation-api\1.2.0\javax.activation-api-1.2.0.jar;C:\Users\96593\lwx\lwx-tool-resource\suyilian-maven-repository\org\hibernate\hibernate-core\5.3.11.Final\hibernate-core-5.3.11.Final.jar;C:\Users\96593\lwx\lwx-tool-resource\suyilian-maven-repository\javax\persistence\javax.persistence-api\2.2\javax.persistence-api-2.2.jar;C:\Users\96593\lwx\lwx-tool-resource\suyilian-maven-repository\org\javassist\javassist\3.23.2-GA\javassist-3.23.2-GA.jar;C:\Users\96593\lwx\lwx-tool-resource\suyilian-maven-repository\antlr\antlr\2.7.7\antlr-2.7.7.jar;C:\Users\96593\lwx\lwx-tool-resource\suyilian-maven-repository\org\jboss\jandex\2.0.5.Final\jandex-2.0.5.Final.jar;C:\Users\96593\lwx\lwx-tool-resource\suyilian-maven-repository\org\dom4j\dom4j\2.1.1\dom4j-2.1.1.jar;C:\Users\96593\lwx\lwx-tool-resource\suyilian-maven-repository\org\hibernate\common\hibernate-commons-annotations\5.0.4.Final\hibernate-commons-annotations-5.0.4.Final.jar;C:\Users\96593\lwx\lwx-tool-resource\suyilian-maven-repository\org\springframework\data\spring-data-jpa\2.1.10.RELEASE\spring-data-jpa-2.1.10.RELEASE.jar;C:\Users\96593\lwx\lwx-tool-resource\suyilian-maven-repository\org\springframework\data\spring-data-commons\2.1.10.RELEASE\spring-data-commons-2.1.10.RELEASE.jar;C:\Users\96593\lwx\lwx-tool-resource\suyilian-maven-repository\org\springframework\spring-orm\5.1.9.RELEASE\spring-orm-5.1.9.RELEASE.jar;C:\Users\96593\lwx\lwx-tool-resource\suyilian-maven-repository\org\springframework\spring-tx\5.1.9.RELEASE\spring-tx-5.1.9.RELEASE.jar;C:\Users\96593\lwx\lwx-tool-resource\suyilian-maven-repository\org\springframework\spring-aspects\5.1.9.RELEASE\spring-aspects-5.1.9.RELEASE.jar;C:\Users\96593\lwx\lwx-tool-resource\suyilian-maven-repository\com\google\zxing\core\3.2.1\core-3.2.1.jar;C:\Users\96593\lwx\lwx-tool-resource\suyilian-maven-repository\com\google\zxing\javase\3.2.1\javase-3.2.1.jar;C:\Users\96593\lwx\lwx-tool-resource\suyilian-maven-repository\com\beust\jcommander\1.48\jcommander-1.48.jar;C:\Users\96593\lwx\lwx-tool-resource\suyilian-maven-repository\com\google\code\gson\gson\2.8.5\gson-2.8.5.jar;C:\Users\96593\lwx\lwx-tool-resource\suyilian-maven-repository\ch\qos\logback\logback-classic\1.2.3\logback-classic-1.2.3.jar;C:\Users\96593\lwx\lwx-tool-resource\suyilian-maven-repository\ch\qos\logback\logback-core\1.2.3\logback-core-1.2.3.jar;C:\Users\96593\lwx\lwx-tool-resource\suyilian-maven-repository\org\slf4j\slf4j-api\1.7.28\slf4j-api-1.7.28.jar;C:\Users\96593\lwx\lwx-tool-resource\suyilian-maven-repository\com\querydsl\querydsl-jpa\4.2.1\querydsl-jpa-4.2.1.jar;C:\Users\96593\lwx\lwx-tool-resource\suyilian-maven-repository\com\querydsl\querydsl-core\4.2.1\querydsl-core-4.2.1.jar;C:\Users\96593\lwx\lwx-tool-resource\suyilian-maven-repository\com\google\guava\guava\18.0\guava-18.0.jar;C:\Users\96593\lwx\lwx-tool-resource\suyilian-maven-repository\com\google\code\findbugs\jsr305\1.3.9\jsr305-1.3.9.jar;C:\Users\96593\lwx\lwx-tool-resource\suyilian-maven-repository\com\mysema\commons\mysema-commons-lang\0.2.4\mysema-commons-lang-0.2.4.jar;C:\Users\96593\lwx\lwx-tool-resource\suyilian-maven-repository\com\infradna\tool\bridge-method-annotation\1.13\bridge-method-annotation-1.13.jar;C:\Users\96593\lwx\lwx-tool-resource\suyilian-maven-repository\javax\inject\javax.inject\1\javax.inject-1.jar;C:\Users\96593\lwx\lwx-tool-resource\suyilian-maven-repository\com\querydsl\querydsl-apt\4.2.1\querydsl-apt-4.2.1.jar;C:\Users\96593\lwx\lwx-tool-resource\suyilian-maven-repository\com\querydsl\querydsl-codegen\4.2.1\querydsl-codegen-4.2.1.jar;C:\Users\96593\lwx\lwx-tool-resource\suyilian-maven-repository\com\mysema\codegen\codegen\0.6.8\codegen-0.6.8.jar;C:\Users\96593\lwx\lwx-tool-resource\suyilian-maven-repository\org\eclipse\jdt\core\compiler\ecj\4.3.1\ecj-4.3.1.jar;C:\Users\96593\lwx\lwx-tool-resource\suyilian-maven-repository\org\reflections\reflections\0.9.9\reflections-0.9.9.jar;C:\Users\96593\lwx\lwx-tool-resource\suyilian-maven-repository\com\google\code\findbugs\annotations\2.0.1\annotations-2.0.1.jar;C:\Users\96593\lwx\lwx-tool-resource\suyilian-maven-repository\org\projectlombok\lombok\1.18.8\lombok-1.18.8.jar;"/>
    <property name="java.vm.vendor" value="Oracle Corporation"/>
    <property name="sun.arch.data.model" value="64"/>
    <property name="user.variant" value=""/>
    <property name="java.vendor.url" value="http://java.oracle.com/"/>
    <property name="user.timezone" value="Asia/Shanghai"/>
    <property name="java.vm.specification.version" value="1.8"/>
    <property name="os.name" value="Windows 10"/>
    <property name="user.country" value="CN"/>
    <property name="sun.java.launcher" value="SUN_STANDARD"/>
    <property name="sun.boot.library.path" value="C:\Program Files\Java\jdk1.8.0_211\jre\bin"/>
    <property name="sun.java.command" value="C:\Users\96593\AppData\Local\Temp\surefire405344780897367471\surefirebooter1933213245511796452.jar C:\Users\96593\AppData\Local\Temp\surefire405344780897367471 2019-10-13T15-50-13_332-jvmRun1 surefire1697625533348395497tmp surefire_02022433543273373880tmp"/>
    <property name="surefire.test.class.path" value="C:\svn\PayCK-master\target\test-classes;C:\svn\PayCK-master\target\classes;C:\Users\96593\lwx\lwx-tool-resource\suyilian-maven-repository\org\springframework\boot\spring-boot-starter-web\2.1.8.RELEASE\spring-boot-starter-web-2.1.8.RELEASE.jar;C:\Users\96593\lwx\lwx-tool-resource\suyilian-maven-repository\org\springframework\boot\spring-boot-starter\2.1.8.RELEASE\spring-boot-starter-2.1.8.RELEASE.jar;C:\Users\96593\lwx\lwx-tool-resource\suyilian-maven-repository\org\springframework\boot\spring-boot\2.1.8.RELEASE\spring-boot-2.1.8.RELEASE.jar;C:\Users\96593\lwx\lwx-tool-resource\suyilian-maven-repository\org\springframework\boot\spring-boot-autoconfigure\2.1.8.RELEASE\spring-boot-autoconfigure-2.1.8.RELEASE.jar;C:\Users\96593\lwx\lwx-tool-resource\suyilian-maven-repository\org\springframework\boot\spring-boot-starter-logging\2.1.8.RELEASE\spring-boot-starter-logging-2.1.8.RELEASE.jar;C:\Users\96593\lwx\lwx-tool-resource\suyilian-maven-repository\org\apache\logging\log4j\log4j-to-slf4j\2.11.2\log4j-to-slf4j-2.11.2.jar;C:\Users\96593\lwx\lwx-tool-resource\suyilian-maven-repository\org\apache\logging\log4j\log4j-api\2.11.2\log4j-api-2.11.2.jar;C:\Users\96593\lwx\lwx-tool-resource\suyilian-maven-repository\org\slf4j\jul-to-slf4j\1.7.28\jul-to-slf4j-1.7.28.jar;C:\Users\96593\lwx\lwx-tool-resource\suyilian-maven-repository\javax\annotation\javax.annotation-api\1.3.2\javax.annotation-api-1.3.2.jar;C:\Users\96593\lwx\lwx-tool-resource\suyilian-maven-repository\org\yaml\snakeyaml\1.23\snakeyaml-1.23.jar;C:\Users\96593\lwx\lwx-tool-resource\suyilian-maven-repository\org\springframework\boot\spring-boot-starter-json\2.1.8.RELEASE\spring-boot-starter-json-2.1.8.RELEASE.jar;C:\Users\96593\lwx\lwx-tool-resource\suyilian-maven-repository\com\fasterxml\jackson\core\jackson-databind\2.9.9.3\jackson-databind-2.9.9.3.jar;C:\Users\96593\lwx\lwx-tool-resource\suyilian-maven-repository\com\fasterxml\jackson\core\jackson-annotations\2.9.0\jackson-annotations-2.9.0.jar;C:\Users\96593\lwx\lwx-tool-resource\suyilian-maven-repository\com\fasterxml\jackson\core\jackson-core\2.9.9\jackson-core-2.9.9.jar;C:\Users\96593\lwx\lwx-tool-resource\suyilian-maven-repository\com\fasterxml\jackson\datatype\jackson-datatype-jdk8\2.9.9\jackson-datatype-jdk8-2.9.9.jar;C:\Users\96593\lwx\lwx-tool-resource\suyilian-maven-repository\com\fasterxml\jackson\datatype\jackson-datatype-jsr310\2.9.9\jackson-datatype-jsr310-2.9.9.jar;C:\Users\96593\lwx\lwx-tool-resource\suyilian-maven-repository\com\fasterxml\jackson\module\jackson-module-parameter-names\2.9.9\jackson-module-parameter-names-2.9.9.jar;C:\Users\96593\lwx\lwx-tool-resource\suyilian-maven-repository\org\springframework\boot\spring-boot-starter-tomcat\2.1.8.RELEASE\spring-boot-starter-tomcat-2.1.8.RELEASE.jar;C:\Users\96593\lwx\lwx-tool-resource\suyilian-maven-repository\org\apache\tomcat\embed\tomcat-embed-core\9.0.24\tomcat-embed-core-9.0.24.jar;C:\Users\96593\lwx\lwx-tool-resource\suyilian-maven-repository\org\apache\tomcat\embed\tomcat-embed-el\9.0.24\tomcat-embed-el-9.0.24.jar;C:\Users\96593\lwx\lwx-tool-resource\suyilian-maven-repository\org\apache\tomcat\embed\tomcat-embed-websocket\9.0.24\tomcat-embed-websocket-9.0.24.jar;C:\Users\96593\lwx\lwx-tool-resource\suyilian-maven-repository\org\hibernate\validator\hibernate-validator\6.0.17.Final\hibernate-validator-6.0.17.Final.jar;C:\Users\96593\lwx\lwx-tool-resource\suyilian-maven-repository\javax\validation\validation-api\2.0.1.Final\validation-api-2.0.1.Final.jar;C:\Users\96593\lwx\lwx-tool-resource\suyilian-maven-repository\org\jboss\logging\jboss-logging\3.3.3.Final\jboss-logging-3.3.3.Final.jar;C:\Users\96593\lwx\lwx-tool-resource\suyilian-maven-repository\com\fasterxml\classmate\1.4.0\classmate-1.4.0.jar;C:\Users\96593\lwx\lwx-tool-resource\suyilian-maven-repository\org\springframework\spring-web\5.1.9.RELEASE\spring-web-5.1.9.RELEASE.jar;C:\Users\96593\lwx\lwx-tool-resource\suyilian-maven-repository\org\springframework\spring-beans\5.1.9.RELEASE\spring-beans-5.1.9.RELEASE.jar;C:\Users\96593\lwx\lwx-tool-resource\suyilian-maven-repository\org\springframework\spring-webmvc\5.1.9.RELEASE\spring-webmvc-5.1.9.RELEASE.jar;C:\Users\96593\lwx\lwx-tool-resource\suyilian-maven-repository\org\springframework\spring-aop\5.1.9.RELEASE\spring-aop-5.1.9.RELEASE.jar;C:\Users\96593\lwx\lwx-tool-resource\suyilian-maven-repository\org\springframework\spring-context\5.1.9.RELEASE\spring-context-5.1.9.RELEASE.jar;C:\Users\96593\lwx\lwx-tool-resource\suyilian-maven-repository\org\springframework\spring-expression\5.1.9.RELEASE\spring-expression-5.1.9.RELEASE.jar;C:\Users\96593\lwx\lwx-tool-resource\suyilian-maven-repository\org\springframework\boot\spring-boot-starter-test\2.1.8.RELEASE\spring-boot-starter-test-2.1.8.RELEASE.jar;C:\Users\96593\lwx\lwx-tool-resource\suyilian-maven-repository\org\springframework\boot\spring-boot-test\2.1.8.RELEASE\spring-boot-test-2.1.8.RELEASE.jar;C:\Users\96593\lwx\lwx-tool-resource\suyilian-maven-repository\org\springframework\boot\spring-boot-test-autoconfigure\2.1.8.RELEASE\spring-boot-test-autoconfigure-2.1.8.RELEASE.jar;C:\Users\96593\lwx\lwx-tool-resource\suyilian-maven-repository\com\jayway\jsonpath\json-path\2.4.0\json-path-2.4.0.jar;C:\Users\96593\lwx\lwx-tool-resource\suyilian-maven-repository\net\minidev\json-smart\2.3\json-smart-2.3.jar;C:\Users\96593\lwx\lwx-tool-resource\suyilian-maven-repository\net\minidev\accessors-smart\1.2\accessors-smart-1.2.jar;C:\Users\96593\lwx\lwx-tool-resource\suyilian-maven-repository\org\ow2\asm\asm\5.0.4\asm-5.0.4.jar;C:\Users\96593\lwx\lwx-tool-resource\suyilian-maven-repository\junit\junit\4.12\junit-4.12.jar;C:\Users\96593\lwx\lwx-tool-resource\suyilian-maven-repository\org\assertj\assertj-core\3.11.1\assertj-core-3.11.1.jar;C:\Users\96593\lwx\lwx-tool-resource\suyilian-maven-repository\org\mockito\mockito-core\2.23.4\mockito-core-2.23.4.jar;C:\Users\96593\lwx\lwx-tool-resource\suyilian-maven-repository\net\bytebuddy\byte-buddy\1.9.16\byte-buddy-1.9.16.jar;C:\Users\96593\lwx\lwx-tool-resource\suyilian-maven-repository\net\bytebuddy\byte-buddy-agent\1.9.16\byte-buddy-agent-1.9.16.jar;C:\Users\96593\lwx\lwx-tool-resource\suyilian-maven-repository\org\objenesis\objenesis\2.6\objenesis-2.6.jar;C:\Users\96593\lwx\lwx-tool-resource\suyilian-maven-repository\org\hamcrest\hamcrest-core\1.3\hamcrest-core-1.3.jar;C:\Users\96593\lwx\lwx-tool-resource\suyilian-maven-repository\org\hamcrest\hamcrest-library\1.3\hamcrest-library-1.3.jar;C:\Users\96593\lwx\lwx-tool-resource\suyilian-maven-repository\org\skyscreamer\jsonassert\1.5.0\jsonassert-1.5.0.jar;C:\Users\96593\lwx\lwx-tool-resource\suyilian-maven-repository\com\vaadin\external\google\android-json\0.0.20131108.vaadin1\android-json-0.0.20131108.vaadin1.jar;C:\Users\96593\lwx\lwx-tool-resource\suyilian-maven-repository\org\springframework\spring-core\5.1.9.RELEASE\spring-core-5.1.9.RELEASE.jar;C:\Users\96593\lwx\lwx-tool-resource\suyilian-maven-repository\org\springframework\spring-jcl\5.1.9.RELEASE\spring-jcl-5.1.9.RELEASE.jar;C:\Users\96593\lwx\lwx-tool-resource\suyilian-maven-repository\org\springframework\spring-test\5.1.9.RELEASE\spring-test-5.1.9.RELEASE.jar;C:\Users\96593\lwx\lwx-tool-resource\suyilian-maven-repository\org\xmlunit\xmlunit-core\2.6.3\xmlunit-core-2.6.3.jar;C:\Users\96593\lwx\lwx-tool-resource\suyilian-maven-repository\mysql\mysql-connector-java\8.0.17\mysql-connector-java-8.0.17.jar;C:\Users\96593\lwx\lwx-tool-resource\suyilian-maven-repository\org\springframework\boot\spring-boot-starter-data-jpa\2.1.8.RELEASE\spring-boot-starter-data-jpa-2.1.8.RELEASE.jar;C:\Users\96593\lwx\lwx-tool-resource\suyilian-maven-repository\org\springframework\boot\spring-boot-starter-aop\2.1.8.RELEASE\spring-boot-starter-aop-2.1.8.RELEASE.jar;C:\Users\96593\lwx\lwx-tool-resource\suyilian-maven-repository\org\aspectj\aspectjweaver\1.9.4\aspectjweaver-1.9.4.jar;C:\Users\96593\lwx\lwx-tool-resource\suyilian-maven-repository\org\springframework\boot\spring-boot-starter-jdbc\2.1.8.RELEASE\spring-boot-starter-jdbc-2.1.8.RELEASE.jar;C:\Users\96593\lwx\lwx-tool-resource\suyilian-maven-repository\com\zaxxer\HikariCP\3.2.0\HikariCP-3.2.0.jar;C:\Users\96593\lwx\lwx-tool-resource\suyilian-maven-repository\org\springframework\spring-jdbc\5.1.9.RELEASE\spring-jdbc-5.1.9.RELEASE.jar;C:\Users\96593\lwx\lwx-tool-resource\suyilian-maven-repository\javax\transaction\javax.transaction-api\1.3\javax.transaction-api-1.3.jar;C:\Users\96593\lwx\lwx-tool-resource\suyilian-maven-repository\javax\xml\bind\jaxb-api\2.3.1\jaxb-api-2.3.1.jar;C:\Users\96593\lwx\lwx-tool-resource\suyilian-maven-repository\javax\activation\javax.activation-api\1.2.0\javax.activation-api-1.2.0.jar;C:\Users\96593\lwx\lwx-tool-resource\suyilian-maven-repository\org\hibernate\hibernate-core\5.3.11.Final\hibernate-core-5.3.11.Final.jar;C:\Users\96593\lwx\lwx-tool-resource\suyilian-maven-repository\javax\persistence\javax.persistence-api\2.2\javax.persistence-api-2.2.jar;C:\Users\96593\lwx\lwx-tool-resource\suyilian-maven-repository\org\javassist\javassist\3.23.2-GA\javassist-3.23.2-GA.jar;C:\Users\96593\lwx\lwx-tool-resource\suyilian-maven-repository\antlr\antlr\2.7.7\antlr-2.7.7.jar;C:\Users\96593\lwx\lwx-tool-resource\suyilian-maven-repository\org\jboss\jandex\2.0.5.Final\jandex-2.0.5.Final.jar;C:\Users\96593\lwx\lwx-tool-resource\suyilian-maven-repository\org\dom4j\dom4j\2.1.1\dom4j-2.1.1.jar;C:\Users\96593\lwx\lwx-tool-resource\suyilian-maven-repository\org\hibernate\common\hibernate-commons-annotations\5.0.4.Final\hibernate-commons-annotations-5.0.4.Final.jar;C:\Users\96593\lwx\lwx-tool-resource\suyilian-maven-repository\org\springframework\data\spring-data-jpa\2.1.10.RELEASE\spring-data-jpa-2.1.10.RELEASE.jar;C:\Users\96593\lwx\lwx-tool-resource\suyilian-maven-repository\org\springframework\data\spring-data-commons\2.1.10.RELEASE\spring-data-commons-2.1.10.RELEASE.jar;C:\Users\96593\lwx\lwx-tool-resource\suyilian-maven-repository\org\springframework\spring-orm\5.1.9.RELEASE\spring-orm-5.1.9.RELEASE.jar;C:\Users\96593\lwx\lwx-tool-resource\suyilian-maven-repository\org\springframework\spring-tx\5.1.9.RELEASE\spring-tx-5.1.9.RELEASE.jar;C:\Users\96593\lwx\lwx-tool-resource\suyilian-maven-repository\org\springframework\spring-aspects\5.1.9.RELEASE\spring-aspects-5.1.9.RELEASE.jar;C:\Users\96593\lwx\lwx-tool-resource\suyilian-maven-repository\com\google\zxing\core\3.2.1\core-3.2.1.jar;C:\Users\96593\lwx\lwx-tool-resource\suyilian-maven-repository\com\google\zxing\javase\3.2.1\javase-3.2.1.jar;C:\Users\96593\lwx\lwx-tool-resource\suyilian-maven-repository\com\beust\jcommander\1.48\jcommander-1.48.jar;C:\Users\96593\lwx\lwx-tool-resource\suyilian-maven-repository\com\google\code\gson\gson\2.8.5\gson-2.8.5.jar;C:\Users\96593\lwx\lwx-tool-resource\suyilian-maven-repository\ch\qos\logback\logback-classic\1.2.3\logback-classic-1.2.3.jar;C:\Users\96593\lwx\lwx-tool-resource\suyilian-maven-repository\ch\qos\logback\logback-core\1.2.3\logback-core-1.2.3.jar;C:\Users\96593\lwx\lwx-tool-resource\suyilian-maven-repository\org\slf4j\slf4j-api\1.7.28\slf4j-api-1.7.28.jar;C:\Users\96593\lwx\lwx-tool-resource\suyilian-maven-repository\com\querydsl\querydsl-jpa\4.2.1\querydsl-jpa-4.2.1.jar;C:\Users\96593\lwx\lwx-tool-resource\suyilian-maven-repository\com\querydsl\querydsl-core\4.2.1\querydsl-core-4.2.1.jar;C:\Users\96593\lwx\lwx-tool-resource\suyilian-maven-repository\com\google\guava\guava\18.0\guava-18.0.jar;C:\Users\96593\lwx\lwx-tool-resource\suyilian-maven-repository\com\google\code\findbugs\jsr305\1.3.9\jsr305-1.3.9.jar;C:\Users\96593\lwx\lwx-tool-resource\suyilian-maven-repository\com\mysema\commons\mysema-commons-lang\0.2.4\mysema-commons-lang-0.2.4.jar;C:\Users\96593\lwx\lwx-tool-resource\suyilian-maven-repository\com\infradna\tool\bridge-method-annotation\1.13\bridge-method-annotation-1.13.jar;C:\Users\96593\lwx\lwx-tool-resource\suyilian-maven-repository\javax\inject\javax.inject\1\javax.inject-1.jar;C:\Users\96593\lwx\lwx-tool-resource\suyilian-maven-repository\com\querydsl\querydsl-apt\4.2.1\querydsl-apt-4.2.1.jar;C:\Users\96593\lwx\lwx-tool-resource\suyilian-maven-repository\com\querydsl\querydsl-codegen\4.2.1\querydsl-codegen-4.2.1.jar;C:\Users\96593\lwx\lwx-tool-resource\suyilian-maven-repository\com\mysema\codegen\codegen\0.6.8\codegen-0.6.8.jar;C:\Users\96593\lwx\lwx-tool-resource\suyilian-maven-repository\org\eclipse\jdt\core\compiler\ecj\4.3.1\ecj-4.3.1.jar;C:\Users\96593\lwx\lwx-tool-resource\suyilian-maven-repository\org\reflections\reflections\0.9.9\reflections-0.9.9.jar;C:\Users\96593\lwx\lwx-tool-resource\suyilian-maven-repository\com\google\code\findbugs\annotations\2.0.1\annotations-2.0.1.jar;C:\Users\96593\lwx\lwx-tool-resource\suyilian-maven-repository\org\projectlombok\lombok\1.18.8\lombok-1.18.8.jar;"/>
    <property name="sun.cpu.endian" value="little"/>
    <property name="user.home" value="C:\Users\96593"/>
    <property name="user.language" value="zh"/>
    <property name="java.specification.vendor" value="Oracle Corporation"/>
    <property name="java.home" value="C:\Program Files\Java\jdk1.8.0_211\jre"/>
    <property name="basedir" value="C:\svn\PayCK-master"/>
    <property name="file.separator" value="\"/>
    <property name="line.separator" value="&#10;"/>
    <property name="java.vm.specification.vendor" value="Oracle Corporation"/>
    <property name="java.specification.name" value="Java Platform API Specification"/>
    <property name="java.awt.graphicsenv" value="sun.awt.Win32GraphicsEnvironment"/>
    <property name="surefire.real.class.path" value="C:\Users\96593\AppData\Local\Temp\surefire405344780897367471\surefirebooter1933213245511796452.jar"/>
    <property name="sun.boot.class.path" value="C:\Program Files\Java\jdk1.8.0_211\jre\lib\resources.jar;C:\Program Files\Java\jdk1.8.0_211\jre\lib\rt.jar;C:\Program Files\Java\jdk1.8.0_211\jre\lib\sunrsasign.jar;C:\Program Files\Java\jdk1.8.0_211\jre\lib\jsse.jar;C:\Program Files\Java\jdk1.8.0_211\jre\lib\jce.jar;C:\Program Files\Java\jdk1.8.0_211\jre\lib\charsets.jar;C:\Program Files\Java\jdk1.8.0_211\jre\lib\jfr.jar;C:\Program Files\Java\jdk1.8.0_211\jre\classes"/>
    <property name="user.script" value=""/>
    <property name="sun.management.compiler" value="HotSpot 64-Bit Tiered Compilers"/>
    <property name="java.runtime.version" value="1.8.0_211-b12"/>
    <property name="user.name" value="96593"/>
    <property name="path.separator" value=";"/>
    <property name="os.version" value="10.0"/>
    <property name="java.endorsed.dirs" value="C:\Program Files\Java\jdk1.8.0_211\jre\lib\endorsed"/>
    <property name="java.runtime.name" value="Java(TM) SE Runtime Environment"/>
    <property name="file.encoding" value="GBK"/>
    <property name="java.vm.name" value="Java HotSpot(TM) 64-Bit Server VM"/>
    <property name="localRepository" value="C:\Users\96593\lwx\lwx-tool-resource\suyilian-maven-repository"/>
    <property name="java.vendor.url.bug" value="http://bugreport.sun.com/bugreport/"/>
    <property name="java.io.tmpdir" value="C:\Users\96593\AppData\Local\Temp\"/>
    <property name="java.version" value="1.8.0_211"/>
    <property name="user.dir" value="C:\svn\PayCK-master"/>
    <property name="os.arch" value="amd64"/>
    <property name="java.vm.specification.name" value="Java Virtual Machine Specification"/>
    <property name="java.awt.printerjob" value="sun.awt.windows.WPrinterJob"/>
    <property name="idea.version2019.1.3" value="true"/>
    <property name="sun.os.patch.level" value=""/>
    <property name="java.library.path" value="C:\Program Files\Java\jdk1.8.0_211\jre\bin;C:\Windows\Sun\Java\bin;C:\Windows\system32;C:\Windows;C:\Users\96593\lwx\xshell6\;C:\Program Files (x86)\Common Files\Oracle\Java\javapath;C:\Windows\system32;C:\Windows;C:\Windows\System32\Wbem;C:\Windows\System32\WindowsPowerShell\v1.0\;C:\Windows\System32\OpenSSH\;C:\Users\96593\lwx\Git\cmd;C:\Users\96593\lwx\apache-maven-3.6.1-bin\apache-maven-3.6.1\bin;%JAVA_HOME%\bin;C:\Program Files\nodejs\;C:\Program Files\TortoiseSVN\bin;C:\Program Files (x86)\Microsoft SQL Server\150\DTS\Binn\;C:\Program Files (x86)\Microsoft SQL Server\100\Tools\Binn\;C:\Program Files\Microsoft SQL Server\100\Tools\Binn\;C:\Program Files\Microsoft SQL Server\100\DTS\Binn\;C:\Program Files (x86)\Microsoft SQL Server\100\Tools\Binn\VSShell\Common7\IDE\;C:\Program Files (x86)\Microsoft Visual Studio 9.0\Common7\IDE\PrivateAssemblies\;C:\Program Files (x86)\Microsoft SQL Server\100\DTS\Binn\;C:\Users\96593\Desktop\温度测量系统x86\温度测量系统x86\apache-tomcat-7.0.90\bin\jdk\bin;C:\Users\96593\AppData\Local\Microsoft\WindowsApps;;C:\Users\96593\lwx\Microsoft VS Code\bin;C:\Users\96593\lwx\IntelliJ IDEA 2019.1.3\bin;;C:\Users\96593\lwx\PhpStorm 2019.1.2\bin;;C:\Users\96593\AppData\Roaming\npm;."/>
    <property name="java.vm.info" value="mixed mode"/>
    <property name="java.vendor" value="Oracle Corporation"/>
    <property name="java.vm.version" value="25.211-b12"/>
    <property name="java.ext.dirs" value="C:\Program Files\Java\jdk1.8.0_211\jre\lib\ext;C:\Windows\Sun\Java\lib\ext"/>
    <property name="sun.io.unicode.encoding" value="UnicodeLittle"/>
    <property name="java.class.version" value="52.0"/>
  </properties>
  <testcase name="contextLoads" classname="com.ck.pay.PayckApplicationTests" time="0.068"/>
</testsuite>